2025.02.22-18:32:09.246[32m info [39m [caliper] [report-builder] 	### All test results ###
2025.02.22-18:32:09.249[32m info [39m [caliper] [report-builder] 	
+---------------+------+------+-----------------+-----------------+-----------------+-----------------+------------------+
| Name          | Succ | Fail | Send Rate (TPS) | Max Latency (s) | Min Latency (s) | Avg Latency (s) | Throughput (TPS) |
|---------------|------|------|-----------------|-----------------|-----------------|-----------------|------------------|
| batch-size-1  | 100  | 0    | 10.5            | 0.14            | 0.05            | 0.08            | 10.4             |
|---------------|------|------|-----------------|-----------------|-----------------|-----------------|------------------|
| batch-size-2  | 100  | 0    | 11.1            | 0.20            | 0.06            | 0.13            | 10.9             |
|---------------|------|------|-----------------|-----------------|-----------------|-----------------|------------------|
| batch-size-4  | 100  | 0    | 12.5            | 0.29            | 0.07            | 0.20            | 12.2             |
|---------------|------|------|-----------------|-----------------|-----------------|-----------------|------------------|
| batch-size-8  | 120  | 0    | 14.9            | 0.56            | 0.15            | 0.38            | 14.0             |
|---------------|------|------|-----------------|-----------------|-----------------|-----------------|------------------|
| batch-size-16 | 160  | 0    | 19.8            | 1.14            | 0.24            | 0.74            | 17.7             |
|---------------|------|------|-----------------|-----------------|-----------------|-----------------|------------------|
| batch-size-18 | 180  | 0    | 19.8            | 1.22            | 0.18            | 0.84            | 17.6             |
|---------------|------|------|-----------------|-----------------|-----------------|-----------------|------------------|
| batch-size-20 | 100  | 0    | 1136.4          | 1.24            | 0.30            | 0.84            | 79.3             |
|---------------|------|------|-----------------|-----------------|-----------------|-----------------|------------------|
| batch-size-22 | 110  | 0    | 924.4           | 1.47            | 0.28            | 1.05            | 73.0             |
|---------------|------|------|-----------------|-----------------|-----------------|-----------------|------------------|
| batch-size-24 | 120  | 0    | 991.7           | 1.59            | 0.41            | 1.13            | 73.4             |
|---------------|------|------|-----------------|-----------------|-----------------|-----------------|------------------|
| batch-size-32 | 160  | 0    | 888.9           | 2.02            | 0.26            | 1.38            | 77.4             |
|---------------|------|------|-----------------|-----------------|-----------------|-----------------|------------------|
| batch-size-40 | 200  | 0    | 952.4           | 2.54            | 0.51            | 1.74            | 77.5             |
|---------------|------|------|-----------------|-----------------|-----------------|-----------------|------------------|
| batch-size-48 | 240  | 0    | 912.5           | 3.14            | 0.52            | 2.19            | 75.8             |
|---------------|------|------|-----------------|-----------------|-----------------|-----------------|------------------|
| batch-size-56 | 280  | 0    | 1033.2          | 3.54            | 0.30            | 2.34            | 78.5             |
|---------------|------|------|-----------------|-----------------|-----------------|-----------------|------------------|
| batch-size-64 | 320  | 0    | 772.9           | 4.13            | 0.57            | 2.84            | 76.9             |
+---------------+------+------+-----------------+-----------------+-----------------+-----------------+------------------+
2025.02.22-18:37:10.507[32m info [39m [caliper] [report-builder] 	### All test results ###
2025.02.22-18:37:10.509[32m info [39m [caliper] [report-builder] 	
+---------------+------+------+-----------------+-----------------+-----------------+-----------------+------------------+
| Name          | Succ | Fail | Send Rate (TPS) | Max Latency (s) | Min Latency (s) | Avg Latency (s) | Throughput (TPS) |
|---------------|------|------|-----------------|-----------------|-----------------|-----------------|------------------|
| batch-size-1  | 100  | 0    | 10.5            | 0.14            | 0.05            | 0.08            | 10.4             |
|---------------|------|------|-----------------|-----------------|-----------------|-----------------|------------------|
| batch-size-2  | 100  | 0    | 11.1            | 0.20            | 0.06            | 0.12            | 10.9             |
|---------------|------|------|-----------------|-----------------|-----------------|-----------------|------------------|
| batch-size-4  | 100  | 0    | 12.5            | 0.30            | 0.08            | 0.21            | 12.1             |
|---------------|------|------|-----------------|-----------------|-----------------|-----------------|------------------|
| batch-size-8  | 120  | 0    | 14.9            | 0.60            | 0.15            | 0.40            | 13.9             |
|---------------|------|------|-----------------|-----------------|-----------------|-----------------|------------------|
| batch-size-16 | 160  | 0    | 19.7            | 1.15            | 0.24            | 0.79            | 17.7             |
|---------------|------|------|-----------------|-----------------|-----------------|-----------------|------------------|
| batch-size-18 | 180  | 0    | 19.7            | 1.20            | 0.28            | 0.84            | 17.6             |
|---------------|------|------|-----------------|-----------------|-----------------|-----------------|------------------|
| batch-size-20 | 100  | 0    | 757.6           | 1.42            | 0.25            | 1.03            | 69.3             |
|---------------|------|------|-----------------|-----------------|-----------------|-----------------|------------------|
| batch-size-22 | 110  | 0    | 1018.5          | 1.51            | 0.40            | 1.04            | 72.2             |
|---------------|------|------|-----------------|-----------------|-----------------|-----------------|------------------|
| batch-size-24 | 120  | 0    | 839.2           | 1.58            | 0.31            | 1.16            | 73.1             |
|---------------|------|------|-----------------|-----------------|-----------------|-----------------|------------------|
| batch-size-32 | 160  | 0    | 800.0           | 2.11            | 0.34            | 1.45            | 74.7             |
|---------------|------|------|-----------------|-----------------|-----------------|-----------------|------------------|
| batch-size-40 | 200  | 0    | 995.0           | 2.63            | 0.83            | 1.82            | 75.8             |
|---------------|------|------|-----------------|-----------------|-----------------|-----------------|------------------|
| batch-size-48 | 240  | 0    | 1034.5          | 3.02            | 0.58            | 2.11            | 76.8             |
|---------------|------|------|-----------------|-----------------|-----------------|-----------------|------------------|
| batch-size-56 | 280  | 0    | 1393.0          | 3.69            | 0.64            | 2.64            | 74.9             |
|---------------|------|------|-----------------|-----------------|-----------------|-----------------|------------------|
| batch-size-64 | 320  | 0    | 1070.2          | 4.08            | 0.51            | 2.74            | 78.1             |
+---------------+------+------+-----------------+-----------------+-----------------+-----------------+------------------+
2025.02.22-18:42:11.450[32m info [39m [caliper] [report-builder] 	### All test results ###
2025.02.22-18:42:11.451[32m info [39m [caliper] [report-builder] 	
+---------------+------+------+-----------------+-----------------+-----------------+-----------------+------------------+
| Name          | Succ | Fail | Send Rate (TPS) | Max Latency (s) | Min Latency (s) | Avg Latency (s) | Throughput (TPS) |
|---------------|------|------|-----------------|-----------------|-----------------|-----------------|------------------|
| batch-size-1  | 100  | 0    | 10.5            | 0.13            | 0.05            | 0.08            | 10.4             |
|---------------|------|------|-----------------|-----------------|-----------------|-----------------|------------------|
| batch-size-2  | 100  | 0    | 11.1            | 0.22            | 0.07            | 0.12            | 10.9             |
|---------------|------|------|-----------------|-----------------|-----------------|-----------------|------------------|
| batch-size-4  | 100  | 0    | 12.5            | 0.30            | 0.08            | 0.20            | 12.1             |
|---------------|------|------|-----------------|-----------------|-----------------|-----------------|------------------|
| batch-size-8  | 120  | 0    | 14.9            | 0.60            | 0.11            | 0.42            | 13.9             |
|---------------|------|------|-----------------|-----------------|-----------------|-----------------|------------------|
| batch-size-16 | 160  | 0    | 19.8            | 1.11            | 0.20            | 0.76            | 17.7             |
|---------------|------|------|-----------------|-----------------|-----------------|-----------------|------------------|
| batch-size-18 | 180  | 0    | 19.7            | 1.21            | 0.22            | 0.81            | 17.7             |
|---------------|------|------|-----------------|-----------------|-----------------|-----------------|------------------|
| batch-size-20 | 100  | 0    | 1020.4          | 1.27            | 0.32            | 0.92            | 75.1             |
|---------------|------|------|-----------------|-----------------|-----------------|-----------------|------------------|
| batch-size-22 | 110  | 0    | 774.6           | 1.48            | 0.45            | 1.08            | 72.9             |
|---------------|------|------|-----------------|-----------------|-----------------|-----------------|------------------|
| batch-size-24 | 120  | 0    | 833.3           | 1.54            | 0.29            | 1.07            | 75.7             |
|---------------|------|------|-----------------|-----------------|-----------------|-----------------|------------------|
| batch-size-32 | 160  | 0    | 772.9           | 2.13            | 0.35            | 1.47            | 74.3             |
|---------------|------|------|-----------------|-----------------|-----------------|-----------------|------------------|
| batch-size-40 | 200  | 0    | 1105.0          | 2.58            | 0.42            | 1.83            | 75.9             |
|---------------|------|------|-----------------|-----------------|-----------------|-----------------|------------------|
| batch-size-48 | 240  | 0    | 1048.0          | 3.11            | 0.60            | 2.13            | 75.7             |
|---------------|------|------|-----------------|-----------------|-----------------|-----------------|------------------|
| batch-size-56 | 280  | 0    | 1133.6          | 3.58            | 0.51            | 2.46            | 77.2             |
|---------------|------|------|-----------------|-----------------|-----------------|-----------------|------------------|
| batch-size-64 | 320  | 0    | 1126.8          | 4.19            | 0.52            | 3.02            | 74.8             |
+---------------+------+------+-----------------+-----------------+-----------------+-----------------+------------------+
2025.02.22-18:47:12.273[32m info [39m [caliper] [report-builder] 	### All test results ###
2025.02.22-18:47:12.274[32m info [39m [caliper] [report-builder] 	
+---------------+------+------+-----------------+-----------------+-----------------+-----------------+------------------+
| Name          | Succ | Fail | Send Rate (TPS) | Max Latency (s) | Min Latency (s) | Avg Latency (s) | Throughput (TPS) |
|---------------|------|------|-----------------|-----------------|-----------------|-----------------|------------------|
| batch-size-1  | 100  | 0    | 10.5            | 0.14            | 0.05            | 0.08            | 10.4             |
|---------------|------|------|-----------------|-----------------|-----------------|-----------------|------------------|
| batch-size-2  | 100  | 0    | 11.1            | 0.22            | 0.07            | 0.13            | 10.9             |
|---------------|------|------|-----------------|-----------------|-----------------|-----------------|------------------|
| batch-size-4  | 100  | 0    | 12.4            | 0.32            | 0.07            | 0.21            | 12.1             |
|---------------|------|------|-----------------|-----------------|-----------------|-----------------|------------------|
| batch-size-8  | 120  | 0    | 14.9            | 0.60            | 0.12            | 0.41            | 14.0             |
|---------------|------|------|-----------------|-----------------|-----------------|-----------------|------------------|
| batch-size-16 | 160  | 0    | 19.7            | 1.16            | 0.22            | 0.80            | 17.5             |
|---------------|------|------|-----------------|-----------------|-----------------|-----------------|------------------|
| batch-size-18 | 180  | 0    | 19.8            | 1.24            | 0.24            | 0.87            | 17.6             |
|---------------|------|------|-----------------|-----------------|-----------------|-----------------|------------------|
| batch-size-20 | 100  | 0    | 854.7           | 1.25            | 0.27            | 0.89            | 76.3             |
|---------------|------|------|-----------------|-----------------|-----------------|-----------------|------------------|
| batch-size-22 | 110  | 0    | 1078.4          | 1.46            | 0.42            | 1.03            | 74.4             |
|---------------|------|------|-----------------|-----------------|-----------------|-----------------|------------------|
| batch-size-24 | 120  | 0    | 731.7           | 1.48            | 0.35            | 1.01            | 78.1             |
|---------------|------|------|-----------------|-----------------|-----------------|-----------------|------------------|
| batch-size-32 | 160  | 0    | 924.9           | 2.06            | 0.24            | 1.43            | 75.7             |
|---------------|------|------|-----------------|-----------------|-----------------|-----------------|------------------|
| batch-size-40 | 200  | 0    | 1010.1          | 2.57            | 0.44            | 1.73            | 77.1             |
|---------------|------|------|-----------------|-----------------|-----------------|-----------------|------------------|
| batch-size-48 | 240  | 0    | 683.8           | 3.06            | 0.53            | 2.14            | 76.5             |
|---------------|------|------|-----------------|-----------------|-----------------|-----------------|------------------|
| batch-size-56 | 280  | 0    | 1176.5          | 3.63            | 0.37            | 2.56            | 75.5             |
|---------------|------|------|-----------------|-----------------|-----------------|-----------------|------------------|
| batch-size-64 | 320  | 0    | 884.0           | 4.12            | 0.43            | 2.79            | 76.9             |
+---------------+------+------+-----------------+-----------------+-----------------+-----------------+------------------+
2025.02.22-18:52:13.545[32m info [39m [caliper] [report-builder] 	### All test results ###
2025.02.22-18:52:13.548[32m info [39m [caliper] [report-builder] 	
+---------------+------+------+-----------------+-----------------+-----------------+-----------------+------------------+
| Name          | Succ | Fail | Send Rate (TPS) | Max Latency (s) | Min Latency (s) | Avg Latency (s) | Throughput (TPS) |
|---------------|------|------|-----------------|-----------------|-----------------|-----------------|------------------|
| batch-size-1  | 100  | 0    | 10.5            | 0.14            | 0.04            | 0.08            | 10.4             |
|---------------|------|------|-----------------|-----------------|-----------------|-----------------|------------------|
| batch-size-2  | 100  | 0    | 11.1            | 0.23            | 0.07            | 0.12            | 10.9             |
|---------------|------|------|-----------------|-----------------|-----------------|-----------------|------------------|
| batch-size-4  | 100  | 0    | 12.5            | 0.30            | 0.10            | 0.21            | 12.1             |
|---------------|------|------|-----------------|-----------------|-----------------|-----------------|------------------|
| batch-size-8  | 120  | 0    | 14.9            | 0.58            | 0.22            | 0.40            | 13.9             |
|---------------|------|------|-----------------|-----------------|-----------------|-----------------|------------------|
| batch-size-16 | 160  | 0    | 19.7            | 1.11            | 0.29            | 0.79            | 17.5             |
|---------------|------|------|-----------------|-----------------|-----------------|-----------------|------------------|
| batch-size-18 | 180  | 0    | 19.7            | 1.23            | 0.19            | 0.85            | 17.6             |
|---------------|------|------|-----------------|-----------------|-----------------|-----------------|------------------|
| batch-size-20 | 100  | 0    | 952.4           | 1.38            | 0.35            | 1.01            | 69.9             |
|---------------|------|------|-----------------|-----------------|-----------------|-----------------|------------------|
| batch-size-22 | 110  | 0    | 802.9           | 1.44            | 0.27            | 0.99            | 75.1             |
|---------------|------|------|-----------------|-----------------|-----------------|-----------------|------------------|
| batch-size-24 | 120  | 0    | 895.5           | 1.67            | 0.30            | 1.22            | 70.1             |
|---------------|------|------|-----------------|-----------------|-----------------|-----------------|------------------|
| batch-size-32 | 160  | 0    | 969.7           | 2.08            | 0.38            | 1.38            | 76.4             |
|---------------|------|------|-----------------|-----------------|-----------------|-----------------|------------------|
| batch-size-40 | 200  | 0    | 1129.9          | 2.53            | 0.50            | 1.78            | 77.9             |
|---------------|------|------|-----------------|-----------------|-----------------|-----------------|------------------|
| batch-size-48 | 240  | 0    | 766.8           | 3.12            | 0.48            | 2.16            | 75.3             |
|---------------|------|------|-----------------|-----------------|-----------------|-----------------|------------------|
| batch-size-56 | 280  | 0    | 1064.6          | 3.59            | 0.68            | 2.41            | 77.7             |
|---------------|------|------|-----------------|-----------------|-----------------|-----------------|------------------|
| batch-size-64 | 320  | 0    | 1290.3          | 4.19            | 0.73            | 2.91            | 75.6             |
+---------------+------+------+-----------------+-----------------+-----------------+-----------------+------------------+
2025.02.22-18:57:14.813[32m info [39m [caliper] [report-builder] 	### All test results ###
2025.02.22-18:57:14.815[32m info [39m [caliper] [report-builder] 	
+---------------+------+------+-----------------+-----------------+-----------------+-----------------+------------------+
| Name          | Succ | Fail | Send Rate (TPS) | Max Latency (s) | Min Latency (s) | Avg Latency (s) | Throughput (TPS) |
|---------------|------|------|-----------------|-----------------|-----------------|-----------------|------------------|
| batch-size-1  | 100  | 0    | 10.5            | 0.16            | 0.04            | 0.08            | 10.4             |
|---------------|------|------|-----------------|-----------------|-----------------|-----------------|------------------|
| batch-size-2  | 100  | 0    | 11.1            | 0.21            | 0.07            | 0.12            | 10.9             |
|---------------|------|------|-----------------|-----------------|-----------------|-----------------|------------------|
| batch-size-4  | 100  | 0    | 12.4            | 0.30            | 0.07            | 0.21            | 12.1             |
|---------------|------|------|-----------------|-----------------|-----------------|-----------------|------------------|
| batch-size-8  | 120  | 0    | 14.9            | 0.62            | 0.13            | 0.42            | 13.9             |
|---------------|------|------|-----------------|-----------------|-----------------|-----------------|------------------|
| batch-size-16 | 160  | 0    | 19.7            | 1.14            | 0.22            | 0.78            | 17.6             |
|---------------|------|------|-----------------|-----------------|-----------------|-----------------|------------------|
| batch-size-18 | 180  | 0    | 19.8            | 1.19            | 0.18            | 0.78            | 17.7             |
|---------------|------|------|-----------------|-----------------|-----------------|-----------------|------------------|
| batch-size-20 | 100  | 0    | 869.6           | 1.34            | 0.35            | 0.93            | 74.0             |
|---------------|------|------|-----------------|-----------------|-----------------|-----------------|------------------|
| batch-size-22 | 110  | 0    | 956.5           | 1.48            | 0.30            | 1.06            | 74.0             |
|---------------|------|------|-----------------|-----------------|-----------------|-----------------|------------------|
| batch-size-24 | 120  | 0    | 740.7           | 1.53            | 0.28            | 1.10            | 75.6             |
|---------------|------|------|-----------------|-----------------|-----------------|-----------------|------------------|
| batch-size-32 | 160  | 0    | 1344.5          | 2.04            | 0.41            | 1.41            | 76.5             |
|---------------|------|------|-----------------|-----------------|-----------------|-----------------|------------------|
| batch-size-40 | 200  | 0    | 1265.8          | 2.63            | 0.52            | 1.85            | 75.2             |
|---------------|------|------|-----------------|-----------------|-----------------|-----------------|------------------|
| batch-size-48 | 240  | 0    | 1076.2          | 3.00            | 0.63            | 2.02            | 78.7             |
|---------------|------|------|-----------------|-----------------|-----------------|-----------------|------------------|
| batch-size-56 | 280  | 0    | 1076.9          | 3.79            | 0.60            | 2.68            | 73.4             |
|---------------|------|------|-----------------|-----------------|-----------------|-----------------|------------------|
| batch-size-64 | 320  | 0    | 1015.9          | 4.09            | 0.49            | 2.94            | 76.4             |
+---------------+------+------+-----------------+-----------------+-----------------+-----------------+------------------+
2025.02.22-19:02:15.899[32m info [39m [caliper] [report-builder] 	### All test results ###
2025.02.22-19:02:15.901[32m info [39m [caliper] [report-builder] 	
+---------------+------+------+-----------------+-----------------+-----------------+-----------------+------------------+
| Name          | Succ | Fail | Send Rate (TPS) | Max Latency (s) | Min Latency (s) | Avg Latency (s) | Throughput (TPS) |
|---------------|------|------|-----------------|-----------------|-----------------|-----------------|------------------|
| batch-size-1  | 100  | 0    | 10.5            | 0.14            | 0.04            | 0.08            | 10.4             |
|---------------|------|------|-----------------|-----------------|-----------------|-----------------|------------------|
| batch-size-2  | 100  | 0    | 11.1            | 0.18            | 0.06            | 0.12            | 10.9             |
|---------------|------|------|-----------------|-----------------|-----------------|-----------------|------------------|
| batch-size-4  | 100  | 0    | 12.5            | 0.30            | 0.09            | 0.21            | 12.1             |
|---------------|------|------|-----------------|-----------------|-----------------|-----------------|------------------|
| batch-size-8  | 120  | 0    | 14.9            | 0.53            | 0.13            | 0.37            | 14.0             |
|---------------|------|------|-----------------|-----------------|-----------------|-----------------|------------------|
| batch-size-16 | 160  | 0    | 19.7            | 1.17            | 0.22            | 0.81            | 17.5             |
|---------------|------|------|-----------------|-----------------|-----------------|-----------------|------------------|
| batch-size-18 | 180  | 0    | 19.8            | 1.19            | 0.22            | 0.84            | 17.6             |
|---------------|------|------|-----------------|-----------------|-----------------|-----------------|------------------|
| batch-size-20 | 100  | 0    | 1000.0          | 1.33            | 0.33            | 0.92            | 73.0             |
|---------------|------|------|-----------------|-----------------|-----------------|-----------------|------------------|
| batch-size-22 | 110  | 0    | 839.7           | 1.47            | 0.34            | 1.02            | 73.6             |
|---------------|------|------|-----------------|-----------------|-----------------|-----------------|------------------|
| batch-size-24 | 120  | 0    | 1008.4          | 1.58            | 0.27            | 1.14            | 74.2             |
|---------------|------|------|-----------------|-----------------|-----------------|-----------------|------------------|
| batch-size-32 | 160  | 0    | 1012.7          | 2.08            | 0.44            | 1.50            | 74.0             |
|---------------|------|------|-----------------|-----------------|-----------------|-----------------|------------------|
| batch-size-40 | 200  | 0    | 975.6           | 2.63            | 0.64            | 1.81            | 74.9             |
|---------------|------|------|-----------------|-----------------|-----------------|-----------------|------------------|
| batch-size-48 | 240  | 0    | 879.1           | 3.05            | 0.43            | 2.18            | 75.8             |
|---------------|------|------|-----------------|-----------------|-----------------|-----------------|------------------|
| batch-size-56 | 280  | 0    | 1081.1          | 3.46            | 0.71            | 2.42            | 79.7             |
|---------------|------|------|-----------------|-----------------|-----------------|-----------------|------------------|
| batch-size-64 | 320  | 0    | 987.7           | 4.03            | 0.67            | 2.84            | 76.9             |
+---------------+------+------+-----------------+-----------------+-----------------+-----------------+------------------+
2025.02.22-19:07:16.735[32m info [39m [caliper] [report-builder] 	### All test results ###
2025.02.22-19:07:16.739[32m info [39m [caliper] [report-builder] 	
+---------------+------+------+-----------------+-----------------+-----------------+-----------------+------------------+
| Name          | Succ | Fail | Send Rate (TPS) | Max Latency (s) | Min Latency (s) | Avg Latency (s) | Throughput (TPS) |
|---------------|------|------|-----------------|-----------------|-----------------|-----------------|------------------|
| batch-size-1  | 100  | 0    | 10.5            | 0.13            | 0.05            | 0.08            | 10.4             |
|---------------|------|------|-----------------|-----------------|-----------------|-----------------|------------------|
| batch-size-2  | 100  | 0    | 11.1            | 0.19            | 0.07            | 0.13            | 10.9             |
|---------------|------|------|-----------------|-----------------|-----------------|-----------------|------------------|
| batch-size-4  | 100  | 0    | 12.4            | 0.28            | 0.06            | 0.20            | 12.1             |
|---------------|------|------|-----------------|-----------------|-----------------|-----------------|------------------|
| batch-size-8  | 120  | 0    | 14.9            | 0.56            | 0.17            | 0.41            | 14.0             |
|---------------|------|------|-----------------|-----------------|-----------------|-----------------|------------------|
| batch-size-16 | 160  | 0    | 19.8            | 1.15            | 0.15            | 0.78            | 17.6             |
|---------------|------|------|-----------------|-----------------|-----------------|-----------------|------------------|
| batch-size-18 | 180  | 0    | 19.8            | 1.24            | 0.22            | 0.84            | 17.5             |
|---------------|------|------|-----------------|-----------------|-----------------|-----------------|------------------|
| batch-size-20 | 100  | 0    | 980.4           | 1.34            | 0.32            | 0.99            | 73.5             |
|---------------|------|------|-----------------|-----------------|-----------------|-----------------|------------------|
| batch-size-22 | 110  | 0    | 1047.6          | 1.38            | 0.41            | 0.94            | 79.0             |
|---------------|------|------|-----------------|-----------------|-----------------|-----------------|------------------|
| batch-size-24 | 120  | 0    | 944.9           | 1.67            | 0.50            | 1.19            | 70.9             |
|---------------|------|------|-----------------|-----------------|-----------------|-----------------|------------------|
| batch-size-32 | 160  | 0    | 669.5           | 2.10            | 0.33            | 1.46            | 75.1             |
|---------------|------|------|-----------------|-----------------|-----------------|-----------------|------------------|
| batch-size-40 | 200  | 0    | 1149.4          | 2.62            | 0.41            | 1.82            | 75.8             |
|---------------|------|------|-----------------|-----------------|-----------------|-----------------|------------------|
| batch-size-48 | 240  | 0    | 960.0           | 3.07            | 0.61            | 2.07            | 76.7             |
|---------------|------|------|-----------------|-----------------|-----------------|-----------------|------------------|
| batch-size-56 | 280  | 0    | 853.7           | 3.57            | 0.36            | 2.55            | 76.4             |
|---------------|------|------|-----------------|-----------------|-----------------|-----------------|------------------|
| batch-size-64 | 320  | 0    | 993.8           | 4.14            | 0.41            | 2.95            | 76.4             |
+---------------+------+------+-----------------+-----------------+-----------------+-----------------+------------------+
2025.02.22-19:12:18.571[32m info [39m [caliper] [report-builder] 	### All test results ###
2025.02.22-19:12:18.572[32m info [39m [caliper] [report-builder] 	
+---------------+------+------+-----------------+-----------------+-----------------+-----------------+------------------+
| Name          | Succ | Fail | Send Rate (TPS) | Max Latency (s) | Min Latency (s) | Avg Latency (s) | Throughput (TPS) |
|---------------|------|------|-----------------|-----------------|-----------------|-----------------|------------------|
| batch-size-1  | 100  | 0    | 10.5            | 0.14            | 0.04            | 0.08            | 10.4             |
|---------------|------|------|-----------------|-----------------|-----------------|-----------------|------------------|
| batch-size-2  | 100  | 0    | 11.1            | 0.18            | 0.06            | 0.13            | 10.9             |
|---------------|------|------|-----------------|-----------------|-----------------|-----------------|------------------|
| batch-size-4  | 100  | 0    | 12.5            | 0.30            | 0.09            | 0.20            | 12.1             |
|---------------|------|------|-----------------|-----------------|-----------------|-----------------|------------------|
| batch-size-8  | 120  | 0    | 14.9            | 0.56            | 0.14            | 0.40            | 14.0             |
|---------------|------|------|-----------------|-----------------|-----------------|-----------------|------------------|
| batch-size-16 | 160  | 0    | 19.7            | 1.16            | 0.25            | 0.77            | 17.6             |
|---------------|------|------|-----------------|-----------------|-----------------|-----------------|------------------|
| batch-size-18 | 180  | 0    | 19.7            | 1.23            | 0.18            | 0.84            | 17.5             |
|---------------|------|------|-----------------|-----------------|-----------------|-----------------|------------------|
| batch-size-20 | 100  | 0    | 840.3           | 1.37            | 0.42            | 0.97            | 71.5             |
|---------------|------|------|-----------------|-----------------|-----------------|-----------------|------------------|
| batch-size-22 | 110  | 0    | 1037.7          | 1.50            | 0.32            | 1.06            | 71.8             |
|---------------|------|------|-----------------|-----------------|-----------------|-----------------|------------------|
| batch-size-24 | 120  | 0    | 944.9           | 1.53            | 0.42            | 1.08            | 77.5             |
|---------------|------|------|-----------------|-----------------|-----------------|-----------------|------------------|
| batch-size-32 | 160  | 0    | 884.0           | 2.20            | 0.35            | 1.57            | 71.3             |
|---------------|------|------|-----------------|-----------------|-----------------|-----------------|------------------|
| batch-size-40 | 200  | 0    | 790.5           | 2.59            | 0.41            | 1.80            | 75.2             |
|---------------|------|------|-----------------|-----------------|-----------------|-----------------|------------------|
| batch-size-48 | 240  | 0    | 794.7           | 3.08            | 0.53            | 2.19            | 76.0             |
|---------------|------|------|-----------------|-----------------|-----------------|-----------------|------------------|
| batch-size-56 | 280  | 0    | 875.0           | 3.58            | 0.61            | 2.37            | 77.5             |
|---------------|------|------|-----------------|-----------------|-----------------|-----------------|------------------|
| batch-size-64 | 320  | 0    | 794.0           | 4.15            | 0.39            | 2.90            | 75.7             |
+---------------+------+------+-----------------+-----------------+-----------------+-----------------+------------------+
2025.02.22-19:17:19.992[32m info [39m [caliper] [report-builder] 	### All test results ###
2025.02.22-19:17:19.994[32m info [39m [caliper] [report-builder] 	
+---------------+------+------+-----------------+-----------------+-----------------+-----------------+------------------+
| Name          | Succ | Fail | Send Rate (TPS) | Max Latency (s) | Min Latency (s) | Avg Latency (s) | Throughput (TPS) |
|---------------|------|------|-----------------|-----------------|-----------------|-----------------|------------------|
| batch-size-1  | 100  | 0    | 10.5            | 0.15            | 0.05            | 0.08            | 10.4             |
|---------------|------|------|-----------------|-----------------|-----------------|-----------------|------------------|
| batch-size-2  | 100  | 0    | 11.1            | 0.22            | 0.06            | 0.12            | 10.9             |
|---------------|------|------|-----------------|-----------------|-----------------|-----------------|------------------|
| batch-size-4  | 100  | 0    | 12.5            | 0.30            | 0.08            | 0.22            | 12.1             |
|---------------|------|------|-----------------|-----------------|-----------------|-----------------|------------------|
| batch-size-8  | 120  | 0    | 14.9            | 0.60            | 0.14            | 0.42            | 13.9             |
|---------------|------|------|-----------------|-----------------|-----------------|-----------------|------------------|
| batch-size-16 | 160  | 0    | 19.7            | 1.17            | 0.30            | 0.83            | 17.5             |
|---------------|------|------|-----------------|-----------------|-----------------|-----------------|------------------|
| batch-size-18 | 180  | 0    | 19.7            | 1.21            | 0.11            | 0.84            | 17.6             |
|---------------|------|------|-----------------|-----------------|-----------------|-----------------|------------------|
| batch-size-20 | 100  | 0    | 961.5           | 1.28            | 0.37            | 0.90            | 76.4             |
|---------------|------|------|-----------------|-----------------|-----------------|-----------------|------------------|
| batch-size-22 | 110  | 0    | 859.4           | 1.52            | 0.40            | 1.07            | 70.6             |
|---------------|------|------|-----------------|-----------------|-----------------|-----------------|------------------|
| batch-size-24 | 120  | 0    | 960.0           | 1.59            | 0.37            | 1.15            | 73.1             |
|---------------|------|------|-----------------|-----------------|-----------------|-----------------|------------------|
| batch-size-32 | 160  | 0    | 919.5           | 2.15            | 0.45            | 1.47            | 74.3             |
|---------------|------|------|-----------------|-----------------|-----------------|-----------------|------------------|
| batch-size-40 | 200  | 0    | 675.7           | 2.63            | 0.46            | 1.90            | 72.9             |
|---------------|------|------|-----------------|-----------------|-----------------|-----------------|------------------|
| batch-size-48 | 240  | 0    | 888.9           | 3.21            | 0.76            | 2.26            | 74.1             |
|---------------|------|------|-----------------|-----------------|-----------------|-----------------|------------------|
| batch-size-56 | 280  | 0    | 1072.8          | 3.58            | 0.61            | 2.39            | 76.8             |
|---------------|------|------|-----------------|-----------------|-----------------|-----------------|------------------|
| batch-size-64 | 320  | 0    | 754.7           | 4.13            | 0.67            | 2.77            | 76.5             |
+---------------+------+------+-----------------+-----------------+-----------------+-----------------+------------------+
