2025.02.22-21:16:25.246[32m info [39m [caliper] [report-builder] 	### All test results ###
2025.02.22-21:16:25.248[32m info [39m [caliper] [report-builder] 	
+----------------+------+------+-----------------+-----------------+-----------------+-----------------+------------------+
| Name           | Succ | Fail | Send Rate (TPS) | Max Latency (s) | Min Latency (s) | Avg Latency (s) | Throughput (TPS) |
|----------------|------|------|-----------------|-----------------|-----------------|-----------------|------------------|
| batch-size-1   | 100  | 0    | 1.1             | 0.15            | 0.04            | 0.08            | 1.1              |
|----------------|------|------|-----------------|-----------------|-----------------|-----------------|------------------|
| batch-size-2   | 100  | 0    | 2.1             | 0.10            | 0.04            | 0.08            | 2.1              |
|----------------|------|------|-----------------|-----------------|-----------------|-----------------|------------------|
| batch-size-4   | 100  | 0    | 4.2             | 0.10            | 0.05            | 0.08            | 4.2              |
|----------------|------|------|-----------------|-----------------|-----------------|-----------------|------------------|
| batch-size-8   | 100  | 0    | 8.4             | 0.11            | 0.04            | 0.07            | 8.4              |
|----------------|------|------|-----------------|-----------------|-----------------|-----------------|------------------|
| batch-size-16  | 100  | 0    | 16.8            | 0.10            | 0.05            | 0.08            | 16.6             |
|----------------|------|------|-----------------|-----------------|-----------------|-----------------|------------------|
| batch-size-20  | 100  | 0    | 21.0            | 0.10            | 0.04            | 0.07            | 20.6             |
|----------------|------|------|-----------------|-----------------|-----------------|-----------------|------------------|
| batch-size-24  | 100  | 0    | 25.3            | 0.10            | 0.04            | 0.07            | 24.8             |
|----------------|------|------|-----------------|-----------------|-----------------|-----------------|------------------|
| batch-size-32  | 100  | 0    | 33.6            | 0.10            | 0.05            | 0.07            | 32.6             |
|----------------|------|------|-----------------|-----------------|-----------------|-----------------|------------------|
| batch-size-48  | 100  | 0    | 50.4            | 0.13            | 0.05            | 0.08            | 48.4             |
|----------------|------|------|-----------------|-----------------|-----------------|-----------------|------------------|
| batch-size-56  | 100  | 0    | 58.7            | 0.28            | 0.05            | 0.12            | 53.2             |
|----------------|------|------|-----------------|-----------------|-----------------|-----------------|------------------|
| batch-size-58  | 100  | 0    | 60.3            | 0.20            | 0.06            | 0.11            | 56.3             |
|----------------|------|------|-----------------|-----------------|-----------------|-----------------|------------------|
| batch-size-60  | 100  | 0    | 62.0            | 0.50            | 0.05            | 0.24            | 54.2             |
|----------------|------|------|-----------------|-----------------|-----------------|-----------------|------------------|
| batch-size-62  | 100  | 0    | 64.9            | 0.38            | 0.06            | 0.22            | 59.7             |
|----------------|------|------|-----------------|-----------------|-----------------|-----------------|------------------|
| batch-size-64  | 100  | 0    | 66.9            | 0.74            | 0.06            | 0.39            | 53.6             |
|----------------|------|------|-----------------|-----------------|-----------------|-----------------|------------------|
| batch-size-80  | 100  | 0    | 82.5            | 0.91            | 0.06            | 0.61            | 57.3             |
|----------------|------|------|-----------------|-----------------|-----------------|-----------------|------------------|
| batch-size-100 | 100  | 0    | 100.8           | 0.98            | 0.06            | 0.70            | 61.9             |
|----------------|------|------|-----------------|-----------------|-----------------|-----------------|------------------|
| batch-size-120 | 100  | 0    | 110.5           | 1.15            | 0.07            | 0.89            | 59.4             |
|----------------|------|------|-----------------|-----------------|-----------------|-----------------|------------------|
| batch-size-150 | 100  | 0    | 155.5           | 1.00            | 0.08            | 0.80            | 66.5             |
|----------------|------|------|-----------------|-----------------|-----------------|-----------------|------------------|
| batch-size-180 | 100  | 0    | 142.9           | 1.11            | 0.09            | 0.86            | 64.5             |
|----------------|------|------|-----------------|-----------------|-----------------|-----------------|------------------|
| batch-size-240 | 100  | 0    | 150.6           | 1.23            | 0.12            | 0.85            | 67.9             |
+----------------+------+------+-----------------+-----------------+-----------------+-----------------+------------------+

2025.02.22-21:16:25.256[32m info [39m [caliper] [report-builder] 	Generated report with path /home/yang/yny/fabric/fabric-samples/mdhcaac-network-gateway/caliper-workspace/report.html
2025.02.22-21:16:25.256[32m info [39m [caliper] [monitor.js] 	Stopping all monitors
2025.02.22-21:16:25.256[32m info [39m [caliper] [worker-orchestrator] 	Sending exit message to connected workers
2025.02.22-21:16:25.257[32m info [39m [caliper] [round-orchestrator] 	Benchmark finished in 534.474 seconds. Total rounds: 20. Successful rounds: 20. Failed rounds: 0.
2025.02.22-21:25:24.723[32m info [39m [caliper] [report-builder] 	### All test results ###
2025.02.22-21:25:24.726[32m info [39m [caliper] [report-builder] 	
+----------------+------+------+-----------------+-----------------+-----------------+-----------------+------------------+
| Name           | Succ | Fail | Send Rate (TPS) | Max Latency (s) | Min Latency (s) | Avg Latency (s) | Throughput (TPS) |
|----------------|------|------|-----------------|-----------------|-----------------|-----------------|------------------|
| batch-size-1   | 100  | 0    | 1.1             | 0.14            | 0.04            | 0.08            | 1.1              |
|----------------|------|------|-----------------|-----------------|-----------------|-----------------|------------------|
| batch-size-2   | 100  | 0    | 2.1             | 0.10            | 0.05            | 0.08            | 2.1              |
|----------------|------|------|-----------------|-----------------|-----------------|-----------------|------------------|
| batch-size-4   | 100  | 0    | 4.2             | 0.10            | 0.05            | 0.07            | 4.2              |
|----------------|------|------|-----------------|-----------------|-----------------|-----------------|------------------|
| batch-size-8   | 100  | 0    | 8.4             | 0.11            | 0.04            | 0.07            | 8.4              |
|----------------|------|------|-----------------|-----------------|-----------------|-----------------|------------------|
| batch-size-16  | 100  | 0    | 16.8            | 0.10            | 0.05            | 0.07            | 16.6             |
|----------------|------|------|-----------------|-----------------|-----------------|-----------------|------------------|
| batch-size-20  | 100  | 0    | 21.0            | 0.10            | 0.05            | 0.07            | 20.7             |
|----------------|------|------|-----------------|-----------------|-----------------|-----------------|------------------|
| batch-size-24  | 100  | 0    | 25.2            | 0.10            | 0.05            | 0.07            | 24.7             |
|----------------|------|------|-----------------|-----------------|-----------------|-----------------|------------------|
| batch-size-32  | 100  | 0    | 33.7            | 0.10            | 0.04            | 0.07            | 32.7             |
|----------------|------|------|-----------------|-----------------|-----------------|-----------------|------------------|
| batch-size-48  | 100  | 0    | 50.4            | 0.12            | 0.04            | 0.08            | 48.1             |
|----------------|------|------|-----------------|-----------------|-----------------|-----------------|------------------|
| batch-size-56  | 100  | 0    | 58.8            | 0.20            | 0.04            | 0.10            | 55.5             |
|----------------|------|------|-----------------|-----------------|-----------------|-----------------|------------------|
| batch-size-58  | 100  | 0    | 60.8            | 0.16            | 0.05            | 0.10            | 57.6             |
|----------------|------|------|-----------------|-----------------|-----------------|-----------------|------------------|
| batch-size-60  | 100  | 0    | 62.7            | 0.18            | 0.05            | 0.11            | 59.4             |
|----------------|------|------|-----------------|-----------------|-----------------|-----------------|------------------|
| batch-size-62  | 100  | 0    | 64.4            | 0.31            | 0.06            | 0.18            | 58.8             |
|----------------|------|------|-----------------|-----------------|-----------------|-----------------|------------------|
| batch-size-64  | 100  | 0    | 66.9            | 0.37            | 0.06            | 0.16            | 57.8             |
|----------------|------|------|-----------------|-----------------|-----------------|-----------------|------------------|
| batch-size-80  | 100  | 0    | 81.2            | 0.92            | 0.06            | 0.61            | 57.5             |
|----------------|------|------|-----------------|-----------------|-----------------|-----------------|------------------|
| batch-size-100 | 100  | 0    | 102.5           | 0.94            | 0.08            | 0.74            | 59.5             |
|----------------|------|------|-----------------|-----------------|-----------------|-----------------|------------------|
| batch-size-120 | 100  | 0    | 117.4           | 1.00            | 0.07            | 0.81            | 61.8             |
|----------------|------|------|-----------------|-----------------|-----------------|-----------------|------------------|
| batch-size-150 | 100  | 0    | 148.4           | 1.26            | 0.10            | 0.81            | 66.8             |
|----------------|------|------|-----------------|-----------------|-----------------|-----------------|------------------|
| batch-size-180 | 100  | 0    | 174.2           | 1.08            | 0.14            | 0.86            | 64.1             |
|----------------|------|------|-----------------|-----------------|-----------------|-----------------|------------------|
| batch-size-240 | 100  | 0    | 138.7           | 1.28            | 0.12            | 0.91            | 65.1             |
+----------------+------+------+-----------------+-----------------+-----------------+-----------------+------------------+

2025.02.22-21:25:24.736[32m info [39m [caliper] [report-builder] 	Generated report with path /home/yang/yny/fabric/fabric-samples/mdhcaac-network-gateway/caliper-workspace/report.html
2025.02.22-21:25:24.737[32m info [39m [caliper] [monitor.js] 	Stopping all monitors
2025.02.22-21:25:24.737[32m info [39m [caliper] [worker-orchestrator] 	Sending exit message to connected workers
2025.02.22-21:25:24.737[32m info [39m [caliper] [round-orchestrator] 	Benchmark finished in 534.049 seconds. Total rounds: 20. Successful rounds: 20. Failed rounds: 0.
2025.02.22-21:34:24.643[32m info [39m [caliper] [report-builder] 	### All test results ###
2025.02.22-21:34:24.645[32m info [39m [caliper] [report-builder] 	
+----------------+------+------+-----------------+-----------------+-----------------+-----------------+------------------+
| Name           | Succ | Fail | Send Rate (TPS) | Max Latency (s) | Min Latency (s) | Avg Latency (s) | Throughput (TPS) |
|----------------|------|------|-----------------|-----------------|-----------------|-----------------|------------------|
| batch-size-1   | 100  | 0    | 1.1             | 0.14            | 0.05            | 0.08            | 1.1              |
|----------------|------|------|-----------------|-----------------|-----------------|-----------------|------------------|
| batch-size-2   | 100  | 0    | 2.1             | 0.10            | 0.05            | 0.08            | 2.1              |
|----------------|------|------|-----------------|-----------------|-----------------|-----------------|------------------|
| batch-size-4   | 100  | 0    | 4.2             | 0.10            | 0.05            | 0.07            | 4.2              |
|----------------|------|------|-----------------|-----------------|-----------------|-----------------|------------------|
| batch-size-8   | 100  | 0    | 8.4             | 0.11            | 0.05            | 0.08            | 8.4              |
|----------------|------|------|-----------------|-----------------|-----------------|-----------------|------------------|
| batch-size-16  | 100  | 0    | 16.8            | 0.10            | 0.04            | 0.07            | 16.6             |
|----------------|------|------|-----------------|-----------------|-----------------|-----------------|------------------|
| batch-size-20  | 100  | 0    | 21.0            | 0.10            | 0.04            | 0.07            | 20.6             |
|----------------|------|------|-----------------|-----------------|-----------------|-----------------|------------------|
| batch-size-24  | 100  | 0    | 25.2            | 0.10            | 0.05            | 0.07            | 24.7             |
|----------------|------|------|-----------------|-----------------|-----------------|-----------------|------------------|
| batch-size-32  | 100  | 0    | 33.6            | 0.10            | 0.05            | 0.08            | 32.7             |
|----------------|------|------|-----------------|-----------------|-----------------|-----------------|------------------|
| batch-size-48  | 100  | 0    | 50.4            | 0.16            | 0.05            | 0.09            | 48.1             |
|----------------|------|------|-----------------|-----------------|-----------------|-----------------|------------------|
| batch-size-56  | 100  | 0    | 58.8            | 0.23            | 0.06            | 0.11            | 55.6             |
|----------------|------|------|-----------------|-----------------|-----------------|-----------------|------------------|
| batch-size-58  | 100  | 0    | 60.6            | 0.19            | 0.06            | 0.11            | 56.9             |
|----------------|------|------|-----------------|-----------------|-----------------|-----------------|------------------|
| batch-size-60  | 100  | 0    | 62.7            | 0.44            | 0.05            | 0.24            | 55.2             |
|----------------|------|------|-----------------|-----------------|-----------------|-----------------|------------------|
| batch-size-62  | 100  | 0    | 65.0            | 0.43            | 0.06            | 0.26            | 57.2             |
|----------------|------|------|-----------------|-----------------|-----------------|-----------------|------------------|
| batch-size-64  | 100  | 0    | 66.1            | 0.86            | 0.06            | 0.46            | 52.3             |
|----------------|------|------|-----------------|-----------------|-----------------|-----------------|------------------|
| batch-size-80  | 100  | 0    | 83.7            | 0.84            | 0.05            | 0.55            | 58.9             |
|----------------|------|------|-----------------|-----------------|-----------------|-----------------|------------------|
| batch-size-100 | 100  | 0    | 95.4            | 1.01            | 0.08            | 0.74            | 60.7             |
|----------------|------|------|-----------------|-----------------|-----------------|-----------------|------------------|
| batch-size-120 | 100  | 0    | 123.2           | 1.07            | 0.06            | 0.85            | 60.2             |
|----------------|------|------|-----------------|-----------------|-----------------|-----------------|------------------|
| batch-size-150 | 100  | 0    | 128.0           | 1.07            | 0.09            | 0.84            | 63.5             |
|----------------|------|------|-----------------|-----------------|-----------------|-----------------|------------------|
| batch-size-180 | 100  | 0    | 157.7           | 1.10            | 0.11            | 0.86            | 65.9             |
|----------------|------|------|-----------------|-----------------|-----------------|-----------------|------------------|
| batch-size-240 | 100  | 0    | 212.8           | 1.16            | 0.20            | 0.94            | 67.2             |
+----------------+------+------+-----------------+-----------------+-----------------+-----------------+------------------+

2025.02.22-21:34:24.657[32m info [39m [caliper] [report-builder] 	Generated report with path /home/yang/yny/fabric/fabric-samples/mdhcaac-network-gateway/caliper-workspace/report.html
2025.02.22-21:34:24.657[32m info [39m [caliper] [monitor.js] 	Stopping all monitors
2025.02.22-21:34:24.657[32m info [39m [caliper] [worker-orchestrator] 	Sending exit message to connected workers
2025.02.22-21:34:24.659[32m info [39m [caliper] [round-orchestrator] 	Benchmark finished in 534.348 seconds. Total rounds: 20. Successful rounds: 20. Failed rounds: 0.
2025.02.22-21:43:24.089[32m info [39m [caliper] [report-builder] 	### All test results ###
2025.02.22-21:43:24.091[32m info [39m [caliper] [report-builder] 	
+----------------+------+------+-----------------+-----------------+-----------------+-----------------+------------------+
| Name           | Succ | Fail | Send Rate (TPS) | Max Latency (s) | Min Latency (s) | Avg Latency (s) | Throughput (TPS) |
|----------------|------|------|-----------------|-----------------|-----------------|-----------------|------------------|
| batch-size-1   | 100  | 0    | 1.1             | 0.14            | 0.04            | 0.08            | 1.1              |
|----------------|------|------|-----------------|-----------------|-----------------|-----------------|------------------|
| batch-size-2   | 100  | 0    | 2.1             | 0.10            | 0.04            | 0.07            | 2.1              |
|----------------|------|------|-----------------|-----------------|-----------------|-----------------|------------------|
| batch-size-4   | 100  | 0    | 4.2             | 0.10            | 0.04            | 0.08            | 4.2              |
|----------------|------|------|-----------------|-----------------|-----------------|-----------------|------------------|
| batch-size-8   | 100  | 0    | 8.4             | 0.12            | 0.05            | 0.08            | 8.3              |
|----------------|------|------|-----------------|-----------------|-----------------|-----------------|------------------|
| batch-size-16  | 100  | 0    | 16.8            | 0.11            | 0.05            | 0.07            | 16.6             |
|----------------|------|------|-----------------|-----------------|-----------------|-----------------|------------------|
| batch-size-20  | 100  | 0    | 21.0            | 0.10            | 0.04            | 0.07            | 20.6             |
|----------------|------|------|-----------------|-----------------|-----------------|-----------------|------------------|
| batch-size-24  | 100  | 0    | 25.2            | 0.10            | 0.04            | 0.07            | 24.7             |
|----------------|------|------|-----------------|-----------------|-----------------|-----------------|------------------|
| batch-size-32  | 100  | 0    | 33.6            | 0.11            | 0.04            | 0.08            | 32.7             |
|----------------|------|------|-----------------|-----------------|-----------------|-----------------|------------------|
| batch-size-48  | 100  | 0    | 50.3            | 0.17            | 0.04            | 0.08            | 47.8             |
|----------------|------|------|-----------------|-----------------|-----------------|-----------------|------------------|
| batch-size-56  | 100  | 0    | 58.4            | 0.37            | 0.06            | 0.19            | 54.4             |
|----------------|------|------|-----------------|-----------------|-----------------|-----------------|------------------|
| batch-size-58  | 100  | 0    | 60.6            | 0.33            | 0.07            | 0.20            | 56.0             |
|----------------|------|------|-----------------|-----------------|-----------------|-----------------|------------------|
| batch-size-60  | 100  | 0    | 62.9            | 0.20            | 0.06            | 0.12            | 58.8             |
|----------------|------|------|-----------------|-----------------|-----------------|-----------------|------------------|
| batch-size-62  | 100  | 0    | 64.6            | 0.44            | 0.06            | 0.26            | 57.0             |
|----------------|------|------|-----------------|-----------------|-----------------|-----------------|------------------|
| batch-size-64  | 100  | 0    | 66.9            | 0.74            | 0.06            | 0.41            | 53.9             |
|----------------|------|------|-----------------|-----------------|-----------------|-----------------|------------------|
| batch-size-80  | 100  | 0    | 83.3            | 0.86            | 0.06            | 0.53            | 58.8             |
|----------------|------|------|-----------------|-----------------|-----------------|-----------------|------------------|
| batch-size-100 | 100  | 0    | 104.8           | 1.00            | 0.07            | 0.75            | 59.9             |
|----------------|------|------|-----------------|-----------------|-----------------|-----------------|------------------|
| batch-size-120 | 100  | 0    | 113.9           | 0.96            | 0.07            | 0.77            | 62.0             |
|----------------|------|------|-----------------|-----------------|-----------------|-----------------|------------------|
| batch-size-150 | 100  | 0    | 150.6           | 1.04            | 0.06            | 0.81            | 65.9             |
|----------------|------|------|-----------------|-----------------|-----------------|-----------------|------------------|
| batch-size-180 | 100  | 0    | 117.1           | 1.13            | 0.14            | 0.86            | 62.8             |
|----------------|------|------|-----------------|-----------------|-----------------|-----------------|------------------|
| batch-size-240 | 100  | 0    | 214.6           | 1.29            | 0.14            | 0.85            | 68.3             |
+----------------+------+------+-----------------+-----------------+-----------------+-----------------+------------------+

2025.02.22-21:43:24.101[32m info [39m [caliper] [report-builder] 	Generated report with path /home/yang/yny/fabric/fabric-samples/mdhcaac-network-gateway/caliper-workspace/report.html
2025.02.22-21:43:24.102[32m info [39m [caliper] [monitor.js] 	Stopping all monitors
2025.02.22-21:43:24.102[32m info [39m [caliper] [worker-orchestrator] 	Sending exit message to connected workers
2025.02.22-21:43:24.102[32m info [39m [caliper] [round-orchestrator] 	Benchmark finished in 534.365 seconds. Total rounds: 20. Successful rounds: 20. Failed rounds: 0.
2025.02.22-21:52:23.336[32m info [39m [caliper] [report-builder] 	### All test results ###
2025.02.22-21:52:23.338[32m info [39m [caliper] [report-builder] 	
+----------------+------+------+-----------------+-----------------+-----------------+-----------------+------------------+
| Name           | Succ | Fail | Send Rate (TPS) | Max Latency (s) | Min Latency (s) | Avg Latency (s) | Throughput (TPS) |
|----------------|------|------|-----------------|-----------------|-----------------|-----------------|------------------|
| batch-size-1   | 100  | 0    | 1.1             | 0.14            | 0.04            | 0.08            | 1.1              |
|----------------|------|------|-----------------|-----------------|-----------------|-----------------|------------------|
| batch-size-2   | 100  | 0    | 2.1             | 0.10            | 0.04            | 0.07            | 2.1              |
|----------------|------|------|-----------------|-----------------|-----------------|-----------------|------------------|
| batch-size-4   | 100  | 0    | 4.2             | 0.10            | 0.05            | 0.07            | 4.2              |
|----------------|------|------|-----------------|-----------------|-----------------|-----------------|------------------|
| batch-size-8   | 100  | 0    | 8.4             | 0.11            | 0.04            | 0.08            | 8.4              |
|----------------|------|------|-----------------|-----------------|-----------------|-----------------|------------------|
| batch-size-16  | 100  | 0    | 16.8            | 0.10            | 0.05            | 0.07            | 16.6             |
|----------------|------|------|-----------------|-----------------|-----------------|-----------------|------------------|
| batch-size-20  | 100  | 0    | 21.0            | 0.10            | 0.05            | 0.08            | 20.6             |
|----------------|------|------|-----------------|-----------------|-----------------|-----------------|------------------|
| batch-size-24  | 100  | 0    | 25.2            | 0.09            | 0.05            | 0.07            | 24.7             |
|----------------|------|------|-----------------|-----------------|-----------------|-----------------|------------------|
| batch-size-32  | 100  | 0    | 33.6            | 0.11            | 0.05            | 0.08            | 32.6             |
|----------------|------|------|-----------------|-----------------|-----------------|-----------------|------------------|
| batch-size-48  | 100  | 0    | 50.4            | 0.17            | 0.05            | 0.09            | 48.4             |
|----------------|------|------|-----------------|-----------------|-----------------|-----------------|------------------|
| batch-size-56  | 100  | 0    | 58.8            | 0.14            | 0.06            | 0.09            | 56.1             |
|----------------|------|------|-----------------|-----------------|-----------------|-----------------|------------------|
| batch-size-58  | 100  | 0    | 60.9            | 0.22            | 0.06            | 0.11            | 57.4             |
|----------------|------|------|-----------------|-----------------|-----------------|-----------------|------------------|
| batch-size-60  | 100  | 0    | 62.4            | 0.46            | 0.05            | 0.23            | 54.9             |
|----------------|------|------|-----------------|-----------------|-----------------|-----------------|------------------|
| batch-size-62  | 100  | 0    | 64.6            | 0.51            | 0.06            | 0.29            | 56.6             |
|----------------|------|------|-----------------|-----------------|-----------------|-----------------|------------------|
| batch-size-64  | 100  | 0    | 66.5            | 0.73            | 0.07            | 0.42            | 53.6             |
|----------------|------|------|-----------------|-----------------|-----------------|-----------------|------------------|
| batch-size-80  | 100  | 0    | 83.3            | 0.93            | 0.05            | 0.66            | 57.4             |
|----------------|------|------|-----------------|-----------------|-----------------|-----------------|------------------|
| batch-size-100 | 100  | 0    | 101.2           | 0.97            | 0.08            | 0.73            | 62.8             |
|----------------|------|------|-----------------|-----------------|-----------------|-----------------|------------------|
| batch-size-120 | 100  | 0    | 110.4           | 1.02            | 0.09            | 0.75            | 62.0             |
|----------------|------|------|-----------------|-----------------|-----------------|-----------------|------------------|
| batch-size-150 | 100  | 0    | 152.4           | 0.99            | 0.08            | 0.75            | 67.6             |
|----------------|------|------|-----------------|-----------------|-----------------|-----------------|------------------|
| batch-size-180 | 100  | 0    | 132.8           | 1.19            | 0.07            | 0.89            | 64.6             |
|----------------|------|------|-----------------|-----------------|-----------------|-----------------|------------------|
| batch-size-240 | 100  | 0    | 131.2           | 1.17            | 0.16            | 0.85            | 67.1             |
+----------------+------+------+-----------------+-----------------+-----------------+-----------------+------------------+

2025.02.22-21:52:23.349[32m info [39m [caliper] [report-builder] 	Generated report with path /home/yang/yny/fabric/fabric-samples/mdhcaac-network-gateway/caliper-workspace/report.html
2025.02.22-21:52:23.350[32m info [39m [caliper] [monitor.js] 	Stopping all monitors
2025.02.22-21:52:23.350[32m info [39m [caliper] [worker-orchestrator] 	Sending exit message to connected workers
2025.02.22-21:52:23.350[32m info [39m [caliper] [round-orchestrator] 	Benchmark finished in 534.247 seconds. Total rounds: 20. Successful rounds: 20. Failed rounds: 0.
2025.02.22-22:01:22.485[32m info [39m [caliper] [report-builder] 	### All test results ###
2025.02.22-22:01:22.487[32m info [39m [caliper] [report-builder] 	
+----------------+------+------+-----------------+-----------------+-----------------+-----------------+------------------+
| Name           | Succ | Fail | Send Rate (TPS) | Max Latency (s) | Min Latency (s) | Avg Latency (s) | Throughput (TPS) |
|----------------|------|------|-----------------|-----------------|-----------------|-----------------|------------------|
| batch-size-1   | 100  | 0    | 1.1             | 0.15            | 0.05            | 0.08            | 1.1              |
|----------------|------|------|-----------------|-----------------|-----------------|-----------------|------------------|
| batch-size-2   | 100  | 0    | 2.1             | 0.10            | 0.05            | 0.07            | 2.1              |
|----------------|------|------|-----------------|-----------------|-----------------|-----------------|------------------|
| batch-size-4   | 100  | 0    | 4.2             | 0.09            | 0.05            | 0.07            | 4.2              |
|----------------|------|------|-----------------|-----------------|-----------------|-----------------|------------------|
| batch-size-8   | 100  | 0    | 8.4             | 0.10            | 0.05            | 0.07            | 8.4              |
|----------------|------|------|-----------------|-----------------|-----------------|-----------------|------------------|
| batch-size-16  | 100  | 0    | 16.8            | 0.12            | 0.05            | 0.08            | 16.6             |
|----------------|------|------|-----------------|-----------------|-----------------|-----------------|------------------|
| batch-size-20  | 100  | 0    | 21.0            | 0.10            | 0.05            | 0.08            | 20.6             |
|----------------|------|------|-----------------|-----------------|-----------------|-----------------|------------------|
| batch-size-24  | 100  | 0    | 25.2            | 0.10            | 0.04            | 0.07            | 24.7             |
|----------------|------|------|-----------------|-----------------|-----------------|-----------------|------------------|
| batch-size-32  | 100  | 0    | 33.6            | 0.10            | 0.05            | 0.08            | 32.6             |
|----------------|------|------|-----------------|-----------------|-----------------|-----------------|------------------|
| batch-size-48  | 100  | 0    | 50.4            | 0.12            | 0.04            | 0.08            | 48.1             |
|----------------|------|------|-----------------|-----------------|-----------------|-----------------|------------------|
| batch-size-56  | 100  | 0    | 58.8            | 0.21            | 0.05            | 0.12            | 55.1             |
|----------------|------|------|-----------------|-----------------|-----------------|-----------------|------------------|
| batch-size-58  | 100  | 0    | 60.7            | 0.26            | 0.06            | 0.16            | 56.5             |
|----------------|------|------|-----------------|-----------------|-----------------|-----------------|------------------|
| batch-size-60  | 100  | 0    | 62.6            | 0.33            | 0.06            | 0.20            | 58.3             |
|----------------|------|------|-----------------|-----------------|-----------------|-----------------|------------------|
| batch-size-62  | 100  | 0    | 64.4            | 0.92            | 0.05            | 0.49            | 51.3             |
|----------------|------|------|-----------------|-----------------|-----------------|-----------------|------------------|
| batch-size-64  | 100  | 0    | 66.9            | 0.37            | 0.06            | 0.24            | 58.8             |
|----------------|------|------|-----------------|-----------------|-----------------|-----------------|------------------|
| batch-size-80  | 100  | 0    | 83.5            | 0.84            | 0.05            | 0.56            | 58.4             |
|----------------|------|------|-----------------|-----------------|-----------------|-----------------|------------------|
| batch-size-100 | 100  | 0    | 104.6           | 1.06            | 0.07            | 0.74            | 61.1             |
|----------------|------|------|-----------------|-----------------|-----------------|-----------------|------------------|
| batch-size-120 | 100  | 0    | 122.9           | 1.05            | 0.07            | 0.78            | 61.7             |
|----------------|------|------|-----------------|-----------------|-----------------|-----------------|------------------|
| batch-size-150 | 100  | 0    | 143.1           | 0.96            | 0.06            | 0.75            | 68.3             |
|----------------|------|------|-----------------|-----------------|-----------------|-----------------|------------------|
| batch-size-180 | 100  | 0    | 128.7           | 1.19            | 0.13            | 0.89            | 63.9             |
|----------------|------|------|-----------------|-----------------|-----------------|-----------------|------------------|
| batch-size-240 | 100  | 0    | 141.2           | 1.24            | 0.10            | 0.93            | 65.2             |
+----------------+------+------+-----------------+-----------------+-----------------+-----------------+------------------+

2025.02.22-22:01:22.498[32m info [39m [caliper] [report-builder] 	Generated report with path /home/yang/yny/fabric/fabric-samples/mdhcaac-network-gateway/caliper-workspace/report.html
2025.02.22-22:01:22.498[32m info [39m [caliper] [monitor.js] 	Stopping all monitors
2025.02.22-22:01:22.498[32m info [39m [caliper] [worker-orchestrator] 	Sending exit message to connected workers
2025.02.22-22:01:22.499[32m info [39m [caliper] [round-orchestrator] 	Benchmark finished in 534.221 seconds. Total rounds: 20. Successful rounds: 20. Failed rounds: 0.
2025.02.22-22:10:21.684[32m info [39m [caliper] [report-builder] 	### All test results ###
2025.02.22-22:10:21.686[32m info [39m [caliper] [report-builder] 	
+----------------+------+------+-----------------+-----------------+-----------------+-----------------+------------------+
| Name           | Succ | Fail | Send Rate (TPS) | Max Latency (s) | Min Latency (s) | Avg Latency (s) | Throughput (TPS) |
|----------------|------|------|-----------------|-----------------|-----------------|-----------------|------------------|
| batch-size-1   | 100  | 0    | 1.1             | 0.15            | 0.05            | 0.08            | 1.1              |
|----------------|------|------|-----------------|-----------------|-----------------|-----------------|------------------|
| batch-size-2   | 100  | 0    | 2.1             | 0.10            | 0.05            | 0.07            | 2.1              |
|----------------|------|------|-----------------|-----------------|-----------------|-----------------|------------------|
| batch-size-4   | 100  | 0    | 4.2             | 0.11            | 0.04            | 0.08            | 4.2              |
|----------------|------|------|-----------------|-----------------|-----------------|-----------------|------------------|
| batch-size-8   | 100  | 0    | 8.4             | 0.11            | 0.05            | 0.08            | 8.4              |
|----------------|------|------|-----------------|-----------------|-----------------|-----------------|------------------|
| batch-size-16  | 100  | 0    | 16.8            | 0.11            | 0.05            | 0.08            | 16.6             |
|----------------|------|------|-----------------|-----------------|-----------------|-----------------|------------------|
| batch-size-20  | 100  | 0    | 21.0            | 0.10            | 0.04            | 0.07            | 20.6             |
|----------------|------|------|-----------------|-----------------|-----------------|-----------------|------------------|
| batch-size-24  | 100  | 0    | 25.2            | 0.10            | 0.05            | 0.07            | 24.7             |
|----------------|------|------|-----------------|-----------------|-----------------|-----------------|------------------|
| batch-size-32  | 100  | 0    | 33.6            | 0.10            | 0.04            | 0.07            | 32.7             |
|----------------|------|------|-----------------|-----------------|-----------------|-----------------|------------------|
| batch-size-48  | 100  | 0    | 50.5            | 0.10            | 0.05            | 0.08            | 48.2             |
|----------------|------|------|-----------------|-----------------|-----------------|-----------------|------------------|
| batch-size-56  | 100  | 0    | 58.7            | 0.15            | 0.04            | 0.09            | 55.6             |
|----------------|------|------|-----------------|-----------------|-----------------|-----------------|------------------|
| batch-size-58  | 100  | 0    | 60.9            | 0.16            | 0.05            | 0.10            | 57.7             |
|----------------|------|------|-----------------|-----------------|-----------------|-----------------|------------------|
| batch-size-60  | 100  | 0    | 62.9            | 0.32            | 0.05            | 0.19            | 57.0             |
|----------------|------|------|-----------------|-----------------|-----------------|-----------------|------------------|
| batch-size-62  | 100  | 0    | 64.2            | 0.56            | 0.07            | 0.33            | 54.9             |
|----------------|------|------|-----------------|-----------------|-----------------|-----------------|------------------|
| batch-size-64  | 100  | 0    | 67.0            | 0.57            | 0.06            | 0.33            | 55.9             |
|----------------|------|------|-----------------|-----------------|-----------------|-----------------|------------------|
| batch-size-80  | 100  | 0    | 81.6            | 0.89            | 0.06            | 0.57            | 58.2             |
|----------------|------|------|-----------------|-----------------|-----------------|-----------------|------------------|
| batch-size-100 | 100  | 0    | 103.1           | 0.91            | 0.08            | 0.70            | 62.2             |
|----------------|------|------|-----------------|-----------------|-----------------|-----------------|------------------|
| batch-size-120 | 100  | 0    | 109.6           | 1.08            | 0.06            | 0.77            | 58.2             |
|----------------|------|------|-----------------|-----------------|-----------------|-----------------|------------------|
| batch-size-150 | 100  | 0    | 156.5           | 1.08            | 0.07            | 0.87            | 63.6             |
|----------------|------|------|-----------------|-----------------|-----------------|-----------------|------------------|
| batch-size-180 | 100  | 0    | 152.7           | 1.18            | 0.09            | 0.93            | 63.9             |
|----------------|------|------|-----------------|-----------------|-----------------|-----------------|------------------|
| batch-size-240 | 100  | 0    | 166.4           | 1.21            | 0.13            | 0.96            | 64.9             |
+----------------+------+------+-----------------+-----------------+-----------------+-----------------+------------------+

2025.02.22-22:10:21.695[32m info [39m [caliper] [report-builder] 	Generated report with path /home/yang/yny/fabric/fabric-samples/mdhcaac-network-gateway/caliper-workspace/report.html
2025.02.22-22:10:21.695[32m info [39m [caliper] [monitor.js] 	Stopping all monitors
2025.02.22-22:10:21.695[32m info [39m [caliper] [worker-orchestrator] 	Sending exit message to connected workers
2025.02.22-22:10:21.696[32m info [39m [caliper] [worker-message-handler] 	Worker#1 is exiting
2025.02.22-22:19:20.815[32m info [39m [caliper] [report-builder] 	### All test results ###
2025.02.22-22:19:20.818[32m info [39m [caliper] [report-builder] 	
+----------------+------+------+-----------------+-----------------+-----------------+-----------------+------------------+
| Name           | Succ | Fail | Send Rate (TPS) | Max Latency (s) | Min Latency (s) | Avg Latency (s) | Throughput (TPS) |
|----------------|------|------|-----------------|-----------------|-----------------|-----------------|------------------|
| batch-size-1   | 100  | 0    | 1.1             | 0.14            | 0.05            | 0.08            | 1.1              |
|----------------|------|------|-----------------|-----------------|-----------------|-----------------|------------------|
| batch-size-2   | 100  | 0    | 2.1             | 0.11            | 0.05            | 0.08            | 2.1              |
|----------------|------|------|-----------------|-----------------|-----------------|-----------------|------------------|
| batch-size-4   | 100  | 0    | 4.2             | 0.10            | 0.04            | 0.07            | 4.2              |
|----------------|------|------|-----------------|-----------------|-----------------|-----------------|------------------|
| batch-size-8   | 100  | 0    | 8.4             | 0.11            | 0.05            | 0.08            | 8.4              |
|----------------|------|------|-----------------|-----------------|-----------------|-----------------|------------------|
| batch-size-16  | 100  | 0    | 16.8            | 0.13            | 0.05            | 0.08            | 16.6             |
|----------------|------|------|-----------------|-----------------|-----------------|-----------------|------------------|
| batch-size-20  | 100  | 0    | 21.0            | 0.10            | 0.04            | 0.07            | 20.7             |
|----------------|------|------|-----------------|-----------------|-----------------|-----------------|------------------|
| batch-size-24  | 100  | 0    | 25.2            | 0.09            | 0.04            | 0.07            | 24.6             |
|----------------|------|------|-----------------|-----------------|-----------------|-----------------|------------------|
| batch-size-32  | 100  | 0    | 33.6            | 0.12            | 0.05            | 0.08            | 32.5             |
|----------------|------|------|-----------------|-----------------|-----------------|-----------------|------------------|
| batch-size-48  | 100  | 0    | 50.4            | 0.16            | 0.04            | 0.08            | 48.4             |
|----------------|------|------|-----------------|-----------------|-----------------|-----------------|------------------|
| batch-size-56  | 100  | 0    | 58.8            | 0.17            | 0.04            | 0.09            | 55.5             |
|----------------|------|------|-----------------|-----------------|-----------------|-----------------|------------------|
| batch-size-58  | 100  | 0    | 60.6            | 0.17            | 0.06            | 0.11            | 56.3             |
|----------------|------|------|-----------------|-----------------|-----------------|-----------------|------------------|
| batch-size-60  | 100  | 0    | 62.1            | 0.26            | 0.05            | 0.14            | 56.2             |
|----------------|------|------|-----------------|-----------------|-----------------|-----------------|------------------|
| batch-size-62  | 100  | 0    | 64.9            | 0.25            | 0.05            | 0.15            | 59.6             |
|----------------|------|------|-----------------|-----------------|-----------------|-----------------|------------------|
| batch-size-64  | 100  | 0    | 67.0            | 0.64            | 0.07            | 0.39            | 56.3             |
|----------------|------|------|-----------------|-----------------|-----------------|-----------------|------------------|
| batch-size-80  | 100  | 0    | 83.1            | 0.96            | 0.08            | 0.62            | 57.8             |
|----------------|------|------|-----------------|-----------------|-----------------|-----------------|------------------|
| batch-size-100 | 100  | 0    | 104.3           | 0.92            | 0.07            | 0.68            | 61.1             |
|----------------|------|------|-----------------|-----------------|-----------------|-----------------|------------------|
| batch-size-120 | 100  | 0    | 104.8           | 1.19            | 0.08            | 0.86            | 59.7             |
|----------------|------|------|-----------------|-----------------|-----------------|-----------------|------------------|
| batch-size-150 | 100  | 0    | 146.8           | 1.16            | 0.08            | 0.89            | 63.3             |
|----------------|------|------|-----------------|-----------------|-----------------|-----------------|------------------|
| batch-size-180 | 100  | 0    | 149.5           | 1.22            | 0.09            | 0.87            | 64.9             |
|----------------|------|------|-----------------|-----------------|-----------------|-----------------|------------------|
| batch-size-240 | 100  | 0    | 169.8           | 1.12            | 0.14            | 0.87            | 67.2             |
+----------------+------+------+-----------------+-----------------+-----------------+-----------------+------------------+

2025.02.22-22:19:20.832[32m info [39m [caliper] [report-builder] 	Generated report with path /home/yang/yny/fabric/fabric-samples/mdhcaac-network-gateway/caliper-workspace/report.html
2025.02.22-22:19:20.832[32m info [39m [caliper] [monitor.js] 	Stopping all monitors
2025.02.22-22:19:20.832[32m info [39m [caliper] [worker-orchestrator] 	Sending exit message to connected workers
2025.02.22-22:19:20.833[32m info [39m [caliper] [round-orchestrator] 	Benchmark finished in 534.09 seconds. Total rounds: 20. Successful rounds: 20. Failed rounds: 0.
2025.02.22-22:28:21.493[32m info [39m [caliper] [report-builder] 	### All test results ###
2025.02.22-22:28:21.495[32m info [39m [caliper] [report-builder] 	
+----------------+------+------+-----------------+-----------------+-----------------+-----------------+------------------+
| Name           | Succ | Fail | Send Rate (TPS) | Max Latency (s) | Min Latency (s) | Avg Latency (s) | Throughput (TPS) |
|----------------|------|------|-----------------|-----------------|-----------------|-----------------|------------------|
| batch-size-1   | 100  | 0    | 1.1             | 0.14            | 0.04            | 0.08            | 1.1              |
|----------------|------|------|-----------------|-----------------|-----------------|-----------------|------------------|
| batch-size-2   | 100  | 0    | 2.1             | 0.10            | 0.05            | 0.08            | 2.1              |
|----------------|------|------|-----------------|-----------------|-----------------|-----------------|------------------|
| batch-size-4   | 100  | 0    | 4.2             | 0.10            | 0.05            | 0.07            | 4.2              |
|----------------|------|------|-----------------|-----------------|-----------------|-----------------|------------------|
| batch-size-8   | 100  | 0    | 8.4             | 0.11            | 0.05            | 0.08            | 8.3              |
|----------------|------|------|-----------------|-----------------|-----------------|-----------------|------------------|
| batch-size-16  | 100  | 0    | 16.8            | 0.10            | 0.04            | 0.08            | 16.6             |
|----------------|------|------|-----------------|-----------------|-----------------|-----------------|------------------|
| batch-size-20  | 100  | 0    | 21.0            | 0.22            | 0.05            | 0.10            | 20.5             |
|----------------|------|------|-----------------|-----------------|-----------------|-----------------|------------------|
| batch-size-24  | 100  | 0    | 25.2            | 0.11            | 0.04            | 0.08            | 24.7             |
|----------------|------|------|-----------------|-----------------|-----------------|-----------------|------------------|
| batch-size-32  | 100  | 0    | 33.6            | 0.12            | 0.04            | 0.08            | 32.6             |
|----------------|------|------|-----------------|-----------------|-----------------|-----------------|------------------|
| batch-size-48  | 100  | 0    | 50.4            | 0.20            | 0.07            | 0.12            | 48.0             |
|----------------|------|------|-----------------|-----------------|-----------------|-----------------|------------------|
| batch-size-56  | 100  | 0    | 58.1            | 0.45            | 0.06            | 0.28            | 52.5             |
|----------------|------|------|-----------------|-----------------|-----------------|-----------------|------------------|
| batch-size-58  | 100  | 0    | 60.3            | 0.97            | 0.06            | 0.60            | 47.4             |
|----------------|------|------|-----------------|-----------------|-----------------|-----------------|------------------|
| batch-size-60  | 100  | 0    | 61.6            | 0.69            | 0.05            | 0.45            | 51.5             |
|----------------|------|------|-----------------|-----------------|-----------------|-----------------|------------------|
| batch-size-62  | 100  | 0    | 64.1            | 0.78            | 0.06            | 0.43            | 50.6             |
|----------------|------|------|-----------------|-----------------|-----------------|-----------------|------------------|
| batch-size-64  | 100  | 0    | 65.4            | 0.57            | 0.06            | 0.33            | 54.5             |
|----------------|------|------|-----------------|-----------------|-----------------|-----------------|------------------|
| batch-size-80  | 100  | 0    | 82.1            | 0.99            | 0.05            | 0.66            | 55.5             |
|----------------|------|------|-----------------|-----------------|-----------------|-----------------|------------------|
| batch-size-100 | 100  | 0    | 102.5           | 1.05            | 0.08            | 0.78            | 59.5             |
|----------------|------|------|-----------------|-----------------|-----------------|-----------------|------------------|
| batch-size-120 | 100  | 0    | 99.4            | 1.01            | 0.07            | 0.79            | 59.4             |
|----------------|------|------|-----------------|-----------------|-----------------|-----------------|------------------|
| batch-size-150 | 100  | 0    | 122.2           | 1.04            | 0.09            | 0.79            | 64.1             |
|----------------|------|------|-----------------|-----------------|-----------------|-----------------|------------------|
| batch-size-180 | 100  | 0    | 125.3           | 1.29            | 0.10            | 0.88            | 61.8             |
|----------------|------|------|-----------------|-----------------|-----------------|-----------------|------------------|
| batch-size-240 | 100  | 0    | 131.8           | 1.35            | 0.19            | 0.93            | 65.6             |
+----------------+------+------+-----------------+-----------------+-----------------+-----------------+------------------+

2025.02.22-22:28:21.505[32m info [39m [caliper] [report-builder] 	Generated report with path /home/yang/yny/fabric/fabric-samples/mdhcaac-network-gateway/caliper-workspace/report.html
2025.02.22-22:28:21.505[32m info [39m [caliper] [monitor.js] 	Stopping all monitors
2025.02.22-22:28:21.506[32m info [39m [caliper] [worker-orchestrator] 	Sending exit message to connected workers
2025.02.22-22:28:21.506[32m info [39m [caliper] [round-orchestrator] 	Benchmark finished in 535.556 seconds. Total rounds: 20. Successful rounds: 20. Failed rounds: 0.
2025.02.22-22:37:20.987[32m info [39m [caliper] [report-builder] 	### All test results ###
2025.02.22-22:37:20.994[32m info [39m [caliper] [report-builder] 	
+----------------+------+------+-----------------+-----------------+-----------------+-----------------+------------------+
| Name           | Succ | Fail | Send Rate (TPS) | Max Latency (s) | Min Latency (s) | Avg Latency (s) | Throughput (TPS) |
|----------------|------|------|-----------------|-----------------|-----------------|-----------------|------------------|
| batch-size-1   | 100  | 0    | 1.1             | 0.15            | 0.05            | 0.08            | 1.1              |
|----------------|------|------|-----------------|-----------------|-----------------|-----------------|------------------|
| batch-size-2   | 100  | 0    | 2.1             | 0.11            | 0.05            | 0.08            | 2.1              |
|----------------|------|------|-----------------|-----------------|-----------------|-----------------|------------------|
| batch-size-4   | 100  | 0    | 4.2             | 0.10            | 0.05            | 0.07            | 4.2              |
|----------------|------|------|-----------------|-----------------|-----------------|-----------------|------------------|
| batch-size-8   | 100  | 0    | 8.4             | 0.11            | 0.05            | 0.07            | 8.4              |
|----------------|------|------|-----------------|-----------------|-----------------|-----------------|------------------|
| batch-size-16  | 100  | 0    | 16.8            | 0.10            | 0.05            | 0.07            | 16.6             |
|----------------|------|------|-----------------|-----------------|-----------------|-----------------|------------------|
| batch-size-20  | 100  | 0    | 21.0            | 0.10            | 0.04            | 0.07            | 20.6             |
|----------------|------|------|-----------------|-----------------|-----------------|-----------------|------------------|
| batch-size-24  | 100  | 0    | 25.2            | 0.10            | 0.05            | 0.07            | 24.7             |
|----------------|------|------|-----------------|-----------------|-----------------|-----------------|------------------|
| batch-size-32  | 100  | 0    | 33.7            | 0.10            | 0.05            | 0.07            | 32.8             |
|----------------|------|------|-----------------|-----------------|-----------------|-----------------|------------------|
| batch-size-48  | 100  | 0    | 50.4            | 0.14            | 0.05            | 0.08            | 48.3             |
|----------------|------|------|-----------------|-----------------|-----------------|-----------------|------------------|
| batch-size-56  | 100  | 0    | 58.3            | 0.57            | 0.06            | 0.31            | 50.3             |
|----------------|------|------|-----------------|-----------------|-----------------|-----------------|------------------|
| batch-size-58  | 100  | 0    | 60.9            | 0.24            | 0.06            | 0.16            | 55.7             |
|----------------|------|------|-----------------|-----------------|-----------------|-----------------|------------------|
| batch-size-60  | 100  | 0    | 62.6            | 0.36            | 0.06            | 0.23            | 56.1             |
|----------------|------|------|-----------------|-----------------|-----------------|-----------------|------------------|
| batch-size-62  | 100  | 0    | 64.0            | 0.35            | 0.06            | 0.19            | 58.1             |
|----------------|------|------|-----------------|-----------------|-----------------|-----------------|------------------|
| batch-size-64  | 100  | 0    | 66.2            | 0.68            | 0.05            | 0.35            | 53.9             |
|----------------|------|------|-----------------|-----------------|-----------------|-----------------|------------------|
| batch-size-80  | 100  | 0    | 83.5            | 0.76            | 0.07            | 0.46            | 62.1             |
|----------------|------|------|-----------------|-----------------|-----------------|-----------------|------------------|
| batch-size-100 | 100  | 0    | 103.5           | 0.91            | 0.05            | 0.67            | 62.1             |
|----------------|------|------|-----------------|-----------------|-----------------|-----------------|------------------|
| batch-size-120 | 100  | 0    | 114.2           | 1.16            | 0.08            | 0.85            | 60.4             |
|----------------|------|------|-----------------|-----------------|-----------------|-----------------|------------------|
| batch-size-150 | 100  | 0    | 140.1           | 1.14            | 0.09            | 0.80            | 66.0             |
|----------------|------|------|-----------------|-----------------|-----------------|-----------------|------------------|
| batch-size-180 | 100  | 0    | 151.5           | 1.20            | 0.17            | 0.89            | 63.5             |
|----------------|------|------|-----------------|-----------------|-----------------|-----------------|------------------|
| batch-size-240 | 100  | 0    | 168.6           | 1.03            | 0.12            | 0.81            | 68.7             |
+----------------+------+------+-----------------+-----------------+-----------------+-----------------+------------------+

2025.02.22-22:37:21.012[32m info [39m [caliper] [report-builder] 	Generated report with path /home/yang/yny/fabric/fabric-samples/mdhcaac-network-gateway/caliper-workspace/report.html
2025.02.22-22:37:21.012[32m info [39m [caliper] [monitor.js] 	Stopping all monitors
2025.02.22-22:37:21.012[32m info [39m [caliper] [worker-orchestrator] 	Sending exit message to connected workers
2025.02.22-22:37:21.013[32m info [39m [caliper] [worker-message-handler] 	Worker#2 is exiting
